<?xml version="1.0" encoding="UTF-8"?>
<testsuite xmlns:xsi="http://www.w3.org/2001/XMLSchema-instance" xsi:noNamespaceSchemaLocation="https://maven.apache.org/surefire/maven-surefire-plugin/xsd/surefire-test-report-3.0.xsd" version="3.0" name="testCases.TestCase01" time="0.06" tests="1" errors="0" skipped="0" failures="0">
  <properties>
    <property name="java.specification.version" value="17"/>
    <property name="sun.cpu.isalist" value="amd64"/>
    <property name="sun.jnu.encoding" value="Cp1252"/>
    <property name="java.class.path" value="C:\Users\Dewi\eclipse-workspace\SainsburysPrep\target\test-classes;C:\Users\Dewi\eclipse-workspace\SainsburysPrep\target\classes;C:\Users\Dewi\.m2\repository\io\cucumber\cucumber-java\7.3.2\cucumber-java-7.3.2.jar;C:\Users\Dewi\.m2\repository\io\cucumber\cucumber-core\7.3.2\cucumber-core-7.3.2.jar;C:\Users\Dewi\.m2\repository\io\cucumber\cucumber-gherkin\7.3.2\cucumber-gherkin-7.3.2.jar;C:\Users\Dewi\.m2\repository\io\cucumber\cucumber-gherkin-messages\7.3.2\cucumber-gherkin-messages-7.3.2.jar;C:\Users\Dewi\.m2\repository\io\cucumber\gherkin\23.0.1\gherkin-23.0.1.jar;C:\Users\Dewi\.m2\repository\io\cucumber\messages\18.0.0\messages-18.0.0.jar;C:\Users\Dewi\.m2\repository\io\cucumber\tag-expressions\4.1.0\tag-expressions-4.1.0.jar;C:\Users\Dewi\.m2\repository\io\cucumber\cucumber-expressions\15.1.1\cucumber-expressions-15.1.1.jar;C:\Users\Dewi\.m2\repository\io\cucumber\datatable\7.3.2\datatable-7.3.2.jar;C:\Users\Dewi\.m2\repository\io\cucumber\cucumber-plugin\7.3.2\cucumber-plugin-7.3.2.jar;C:\Users\Dewi\.m2\repository\io\cucumber\docstring\7.3.2\docstring-7.3.2.jar;C:\Users\Dewi\.m2\repository\io\cucumber\html-formatter\19.1.0\html-formatter-19.1.0.jar;C:\Users\Dewi\.m2\repository\io\cucumber\ci-environment\9.0.4\ci-environment-9.0.4.jar;C:\Users\Dewi\.m2\repository\org\apiguardian\apiguardian-api\1.1.2\apiguardian-api-1.1.2.jar;C:\Users\Dewi\.m2\repository\junit\junit\4.13.2\junit-4.13.2.jar;C:\Users\Dewi\.m2\repository\org\hamcrest\hamcrest-core\1.3\hamcrest-core-1.3.jar;C:\Users\Dewi\.m2\repository\commons-io\commons-io\2.6\commons-io-2.6.jar;"/>
    <property name="java.vm.vendor" value="Oracle Corporation"/>
    <property name="sun.arch.data.model" value="64"/>
    <property name="user.variant" value=""/>
    <property name="java.vendor.url" value="https://java.oracle.com/"/>
    <property name="user.timezone" value="Europe/London"/>
    <property name="os.name" value="Windows 11"/>
    <property name="java.vm.specification.version" value="17"/>
    <property name="sun.java.launcher" value="SUN_STANDARD"/>
    <property name="user.country" value="GB"/>
    <property name="sun.boot.library.path" value="C:\Program Files\Java\jdk-17.0.2\bin"/>
    <property name="sun.java.command" value="C:\Users\Dewi\AppData\Local\Temp\surefire15416535682716293877\surefirebooter-20240402122025586_3.jar C:\Users\Dewi\AppData\Local\Temp\surefire15416535682716293877 2024-04-02T12-20-25_422-jvmRun1 surefire-20240402122025586_1tmp surefire_0-20240402122025586_2tmp"/>
    <property name="jdk.debug" value="release"/>
    <property name="surefire.test.class.path" value="C:\Users\Dewi\eclipse-workspace\SainsburysPrep\target\test-classes;C:\Users\Dewi\eclipse-workspace\SainsburysPrep\target\classes;C:\Users\Dewi\.m2\repository\io\cucumber\cucumber-java\7.3.2\cucumber-java-7.3.2.jar;C:\Users\Dewi\.m2\repository\io\cucumber\cucumber-core\7.3.2\cucumber-core-7.3.2.jar;C:\Users\Dewi\.m2\repository\io\cucumber\cucumber-gherkin\7.3.2\cucumber-gherkin-7.3.2.jar;C:\Users\Dewi\.m2\repository\io\cucumber\cucumber-gherkin-messages\7.3.2\cucumber-gherkin-messages-7.3.2.jar;C:\Users\Dewi\.m2\repository\io\cucumber\gherkin\23.0.1\gherkin-23.0.1.jar;C:\Users\Dewi\.m2\repository\io\cucumber\messages\18.0.0\messages-18.0.0.jar;C:\Users\Dewi\.m2\repository\io\cucumber\tag-expressions\4.1.0\tag-expressions-4.1.0.jar;C:\Users\Dewi\.m2\repository\io\cucumber\cucumber-expressions\15.1.1\cucumber-expressions-15.1.1.jar;C:\Users\Dewi\.m2\repository\io\cucumber\datatable\7.3.2\datatable-7.3.2.jar;C:\Users\Dewi\.m2\repository\io\cucumber\cucumber-plugin\7.3.2\cucumber-plugin-7.3.2.jar;C:\Users\Dewi\.m2\repository\io\cucumber\docstring\7.3.2\docstring-7.3.2.jar;C:\Users\Dewi\.m2\repository\io\cucumber\html-formatter\19.1.0\html-formatter-19.1.0.jar;C:\Users\Dewi\.m2\repository\io\cucumber\ci-environment\9.0.4\ci-environment-9.0.4.jar;C:\Users\Dewi\.m2\repository\org\apiguardian\apiguardian-api\1.1.2\apiguardian-api-1.1.2.jar;C:\Users\Dewi\.m2\repository\junit\junit\4.13.2\junit-4.13.2.jar;C:\Users\Dewi\.m2\repository\org\hamcrest\hamcrest-core\1.3\hamcrest-core-1.3.jar;C:\Users\Dewi\.m2\repository\commons-io\commons-io\2.6\commons-io-2.6.jar;"/>
    <property name="sun.cpu.endian" value="little"/>
    <property name="user.home" value="C:\Users\Dewi"/>
    <property name="user.language" value="en"/>
    <property name="java.specification.vendor" value="Oracle Corporation"/>
    <property name="java.version.date" value="2022-01-18"/>
    <property name="java.home" value="C:\Program Files\Java\jdk-17.0.2"/>
    <property name="file.separator" value="\"/>
    <property name="style.color" value="always"/>
    <property name="basedir" value="C:\Users\Dewi\eclipse-workspace\SainsburysPrep"/>
    <property name="java.vm.compressedOopsMode" value="32-bit"/>
    <property name="line.separator" value="&#10;"/>
    <property name="java.vm.specification.vendor" value="Oracle Corporation"/>
    <property name="java.specification.name" value="Java Platform API Specification"/>
    <property name="surefire.real.class.path" value="C:\Users\Dewi\AppData\Local\Temp\surefire15416535682716293877\surefirebooter-20240402122025586_3.jar"/>
    <property name="user.script" value=""/>
    <property name="sun.management.compiler" value="HotSpot 64-Bit Tiered Compilers"/>
    <property name="java.runtime.version" value="17.0.2+8-LTS-86"/>
    <property name="user.name" value="Dewi"/>
    <property name="path.separator" value=";"/>
    <property name="os.version" value="10.0"/>
    <property name="java.runtime.name" value="Java(TM) SE Runtime Environment"/>
    <property name="file.encoding" value="Cp1252"/>
    <property name="java.vm.name" value="Java HotSpot(TM) 64-Bit Server VM"/>
    <property name="localRepository" value="C:\Users\Dewi\.m2\repository"/>
    <property name="java.vendor.url.bug" value="https://bugreport.java.com/bugreport/"/>
    <property name="java.io.tmpdir" value="C:\Users\Dewi\AppData\Local\Temp\"/>
    <property name="java.version" value="17.0.2"/>
    <property name="user.dir" value="C:\Users\Dewi\eclipse-workspace\SainsburysPrep"/>
    <property name="os.arch" value="amd64"/>
    <property name="java.vm.specification.name" value="Java Virtual Machine Specification"/>
    <property name="sun.os.patch.level" value=""/>
    <property name="native.encoding" value="Cp1252"/>
    <property name="java.library.path" value="C:\Program Files\Java\jdk-17.0.2\bin;C:\windows\Sun\Java\bin;C:\windows\system32;C:\windows;C:\Program Files\Common Files\Oracle\Java\javapath;C:\windows\system32;C:\windows;C:\windows\System32\Wbem;C:\windows\System32\WindowsPowerShell\v1.0\;C:\windows\System32\OpenSSH\;C:\Program Files\Git\cmd;C:\Program Files\nodejs\;C:\Program Files\PuTTY\;C:\Program Files (x86)\dotnet\;C:\Program Files\dotnet\;C:\Program Files\apache-maven-3.9.6\;C:\Program Files\apache-maven-3.9.6\bin;C:\Program Files\MySQL\MySQL Shell 8.0\bin\;C:\Program Files (x86)\Python310-32\python.exe;C:\Users\Dewi\AppData\Local\Microsoft\WindowsApps;C:\Program Files\JetBrains\PyCharm Community Edition 2021.3.1\bin;;C:\Program Files\JetBrains\WebStorm 2021.3.2\bin;;C:\Users\Dewi\AppData\Roaming\npm;C:\Program Files\JetBrains\IntelliJ IDEA 2021.3.2\bin;;C:\Python\python.exe;C:\Users\Dewi\AppData\Local\Programs\Microsoft VS Code\bin;C:\documents\work\fdm\academy\pythonweek2\venv\lib\site-packages;c:\documents\work\fdm\academy\pythonweek2\venv\lib\site-packages;C:\Python\Scripts;C:\Users\Dewi\AppData\Local\Packages\PythonSoftwareFoundation.Python.3.10_qbz5n2kfra8p0\LocalCache\local-packages\Python310\Scripts;C:\Users\Dewi\AppData\Local\Packages\PythonSoftwareFoundation.Python.3.10_qbz5n2kfra8p0\LocalCache\local-packages\Python310\Scripts;C:\Program Files\JetBrains\DataGrip 2023.3\bin;;C:\Program Files\dotnet;C:\Users\Dewi\.dotnet\tools;."/>
    <property name="java.vm.info" value="mixed mode, sharing"/>
    <property name="java.vendor" value="Oracle Corporation"/>
    <property name="java.vm.version" value="17.0.2+8-LTS-86"/>
    <property name="sun.io.unicode.encoding" value="UnicodeLittle"/>
    <property name="java.class.version" value="61.0"/>
  </properties>
  <testcase name="test01" classname="testCases.TestCase01" time="0.002"/>
</testsuite>